{"data":{"hypothesisId":"A","initial":0,"property":"allScore","signal":"allScoreChange"},"location":"stat_binder.gd:bind","message":"connected label","sessionId":"fdbc08","timestamp":1780157366145.0}
{"data":{"hypothesisId":"A","initial":0,"property":"subScore","signal":"subScoreChange"},"location":"stat_binder.gd:bind","message":"connected label","sessionId":"fdbc08","timestamp":1780157366146.0}
{"data":{"hypothesisId":"A","initial":0,"property":"mag","signal":"magChange"},"location":"stat_binder.gd:bind","message":"connected label","sessionId":"fdbc08","timestamp":1780157366156.0}
{"data":{"hypothesisId":"A","initial":0,"property":"playCount","signal":"playCountChange"},"location":"stat_binder.gd:bind","message":"connected label","sessionId":"fdbc08","timestamp":1780157366163.0}
{"data":{"hypothesisId":"A","initial":0,"property":"discardCount","signal":"discardCountChange"},"location":"stat_binder.gd:bind","message":"connected label","sessionId":"fdbc08","timestamp":1780157366171.0}
{"data":{"hypothesisId":"A","initial":0,"property":"coin","signal":"coinChange"},"location":"stat_binder.gd:bind","message":"connected label","sessionId":"fdbc08","timestamp":1780157366177.0}
{"data":{"hypothesisId":"A","initial":1,"property":"ante","signal":"anteChange"},"location":"stat_binder.gd:bind","message":"connected label","sessionId":"fdbc08","timestamp":1780157366186.0}
{"data":{"hypothesisId":"A","initial":8,"property":"maxAnte","signal":"maxAnteChange"},"location":"stat_binder.gd:bind","message":"connected label","sessionId":"fdbc08","timestamp":1780157366193.0}
{"data":{"hypothesisId":"A","initial":0,"property":"turns","signal":"turnsChange"},"location":"stat_binder.gd:bind","message":"connected label","sessionId":"fdbc08","timestamp":1780157366201.0}
{"data":{"hypothesisId":"A","initial":0,"property":"allScore","signal":"allScoreChange"},"location":"stat_binder.gd:bind","message":"connected label","sessionId":"fdbc08","timestamp":1780157368146.0}
{"data":{"hypothesisId":"A","initial":0,"property":"subScore","signal":"subScoreChange"},"location":"stat_binder.gd:bind","message":"connected label","sessionId":"fdbc08","timestamp":1780157368147.0}
{"data":{"hypothesisId":"A","initial":0,"property":"mag","signal":"magChange"},"location":"stat_binder.gd:bind","message":"connected label","sessionId":"fdbc08","timestamp":1780157368156.0}
{"data":{"hypothesisId":"A","initial":0,"property":"playCount","signal":"playCountChange"},"location":"stat_binder.gd:bind","message":"connected label","sessionId":"fdbc08","timestamp":1780157368165.0}
{"data":{"hypothesisId":"A","initial":0,"property":"discardCount","signal":"discardCountChange"},"location":"stat_binder.gd:bind","message":"connected label","sessionId":"fdbc08","timestamp":1780157368174.0}
{"data":{"hypothesisId":"A","initial":0,"property":"coin","signal":"coinChange"},"location":"stat_binder.gd:bind","message":"connected label","sessionId":"fdbc08","timestamp":1780157368182.0}
{"data":{"hypothesisId":"A","initial":1,"property":"ante","signal":"anteChange"},"location":"stat_binder.gd:bind","message":"connected label","sessionId":"fdbc08","timestamp":1780157368194.0}
{"data":{"hypothesisId":"A","initial":8,"property":"maxAnte","signal":"maxAnteChange"},"location":"stat_binder.gd:bind","message":"connected label","sessionId":"fdbc08","timestamp":1780157368202.0}
{"data":{"hypothesisId":"A","initial":0,"property":"turns","signal":"turnsChange"},"location":"stat_binder.gd:bind","message":"connected label","sessionId":"fdbc08","timestamp":1780157368211.0}
{"data":{"hypothesisId":"A","property":"turns","signal":"turnsChange","value":1,"value_type":2},"location":"stat_binder.gd:bind_callback","message":"signal fired","sessionId":"fdbc08","timestamp":1780157369756.0}
{"data":{"hypothesisId":"A","property":"coin","signal":"coinChange","value":3,"value_type":2},"location":"stat_binder.gd:bind_callback","message":"signal fired","sessionId":"fdbc08","timestamp":1780157370956.0}
{"data":{"hypothesisId":"A","initial":0,"property":"allScore","signal":"allScoreChange"},"location":"stat_binder.gd:bind","message":"connected label","sessionId":"fdbc08","timestamp":1780157370968.0}
{"data":{"hypothesisId":"A","initial":0,"property":"subScore","signal":"subScoreChange"},"location":"stat_binder.gd:bind","message":"connected label","sessionId":"fdbc08","timestamp":1780157370968.0}
{"data":{"hypothesisId":"A","initial":0,"property":"mag","signal":"magChange"},"location":"stat_binder.gd:bind","message":"connected label","sessionId":"fdbc08","timestamp":1780157370978.0}
{"data":{"hypothesisId":"A","initial":0,"property":"playCount","signal":"playCountChange"},"location":"stat_binder.gd:bind","message":"connected label","sessionId":"fdbc08","timestamp":1780157370985.0}
{"data":{"hypothesisId":"A","initial":0,"property":"discardCount","signal":"discardCountChange"},"location":"stat_binder.gd:bind","message":"connected label","sessionId":"fdbc08","timestamp":1780157370995.0}
{"data":{"hypothesisId":"A","initial":3,"property":"coin","signal":"coinChange"},"location":"stat_binder.gd:bind","message":"connected label","sessionId":"fdbc08","timestamp":1780157371004.0}
{"data":{"hypothesisId":"A","initial":1,"property":"ante","signal":"anteChange"},"location":"stat_binder.gd:bind","message":"connected label","sessionId":"fdbc08","timestamp":1780157371013.0}
{"data":{"hypothesisId":"A","initial":8,"property":"maxAnte","signal":"maxAnteChange"},"location":"stat_binder.gd:bind","message":"connected label","sessionId":"fdbc08","timestamp":1780157371022.0}
{"data":{"hypothesisId":"A","initial":1,"property":"turns","signal":"turnsChange"},"location":"stat_binder.gd:bind","message":"connected label","sessionId":"fdbc08","timestamp":1780157371029.0}
{"data":{"hypothesisId":"A","initial":0,"property":"allScore","signal":"allScoreChange"},"location":"stat_binder.gd:bind","message":"connected label","sessionId":"fdbc08","timestamp":1780157372268.0}
{"data":{"hypothesisId":"A","initial":0,"property":"subScore","signal":"subScoreChange"},"location":"stat_binder.gd:bind","message":"connected label","sessionId":"fdbc08","timestamp":1780157372269.0}
{"data":{"hypothesisId":"A","initial":0,"property":"mag","signal":"magChange"},"location":"stat_binder.gd:bind","message":"connected label","sessionId":"fdbc08","timestamp":1780157372279.0}
{"data":{"hypothesisId":"A","initial":0,"property":"playCount","signal":"playCountChange"},"location":"stat_binder.gd:bind","message":"connected label","sessionId":"fdbc08","timestamp":1780157372287.0}
{"data":{"hypothesisId":"A","initial":0,"property":"discardCount","signal":"discardCountChange"},"location":"stat_binder.gd:bind","message":"connected label","sessionId":"fdbc08","timestamp":1780157372296.0}
{"data":{"hypothesisId":"A","initial":3,"property":"coin","signal":"coinChange"},"location":"stat_binder.gd:bind","message":"connected label","sessionId":"fdbc08","timestamp":1780157372305.0}
{"data":{"hypothesisId":"A","initial":1,"property":"ante","signal":"anteChange"},"location":"stat_binder.gd:bind","message":"connected label","sessionId":"fdbc08","timestamp":1780157372313.0}
{"data":{"hypothesisId":"A","initial":8,"property":"maxAnte","signal":"maxAnteChange"},"location":"stat_binder.gd:bind","message":"connected label","sessionId":"fdbc08","timestamp":1780157372322.0}
{"data":{"hypothesisId":"A","initial":1,"property":"turns","signal":"turnsChange"},"location":"stat_binder.gd:bind","message":"connected label","sessionId":"fdbc08","timestamp":1780157372330.0}
{"data":{"hypothesisId":"A","property":"turns","signal":"turnsChange","value":2,"value_type":2},"location":"stat_binder.gd:bind_callback","message":"signal fired","sessionId":"fdbc08","timestamp":1780157373406.0}
{"data":{"hypothesisId":"A","property":"coin","signal":"coinChange","value":7,"value_type":2},"location":"stat_binder.gd:bind_callback","message":"signal fired","sessionId":"fdbc08","timestamp":1780157374472.0}
{"data":{"hypothesisId":"A","initial":0,"property":"allScore","signal":"allScoreChange"},"location":"stat_binder.gd:bind","message":"connected label","sessionId":"fdbc08","timestamp":1780157374485.0}
{"data":{"hypothesisId":"A","initial":0,"property":"subScore","signal":"subScoreChange"},"location":"stat_binder.gd:bind","message":"connected label","sessionId":"fdbc08","timestamp":1780157374485.0}
{"data":{"hypothesisId":"A","initial":0,"property":"mag","signal":"magChange"},"location":"stat_binder.gd:bind","message":"connected label","sessionId":"fdbc08","timestamp":1780157374495.0}
{"data":{"hypothesisId":"A","initial":0,"property":"playCount","signal":"playCountChange"},"location":"stat_binder.gd:bind","message":"connected label","sessionId":"fdbc08","timestamp":1780157374502.0}
{"data":{"hypothesisId":"A","initial":0,"property":"discardCount","signal":"discardCountChange"},"location":"stat_binder.gd:bind","message":"connected label","sessionId":"fdbc08","timestamp":1780157374512.0}
{"data":{"hypothesisId":"A","initial":7,"property":"coin","signal":"coinChange"},"location":"stat_binder.gd:bind","message":"connected label","sessionId":"fdbc08","timestamp":1780157374520.0}
{"data":{"hypothesisId":"A","initial":1,"property":"ante","signal":"anteChange"},"location":"stat_binder.gd:bind","message":"connected label","sessionId":"fdbc08","timestamp":1780157374529.0}
{"data":{"hypothesisId":"A","initial":8,"property":"maxAnte","signal":"maxAnteChange"},"location":"stat_binder.gd:bind","message":"connected label","sessionId":"fdbc08","timestamp":1780157374536.0}
{"data":{"hypothesisId":"A","initial":2,"property":"turns","signal":"turnsChange"},"location":"stat_binder.gd:bind","message":"connected label","sessionId":"fdbc08","timestamp":1780157374545.0}
{"data":{"hypothesisId":"A","initial":0,"property":"allScore","signal":"allScoreChange"},"location":"stat_binder.gd:bind","message":"connected label","sessionId":"fdbc08","timestamp":1780157375635.0}
{"data":{"hypothesisId":"A","initial":0,"property":"subScore","signal":"subScoreChange"},"location":"stat_binder.gd:bind","message":"connected label","sessionId":"fdbc08","timestamp":1780157375635.0}
{"data":{"hypothesisId":"A","initial":0,"property":"mag","signal":"magChange"},"location":"stat_binder.gd:bind","message":"connected label","sessionId":"fdbc08","timestamp":1780157375645.0}
{"data":{"hypothesisId":"A","initial":0,"property":"playCount","signal":"playCountChange"},"location":"stat_binder.gd:bind","message":"connected label","sessionId":"fdbc08","timestamp":1780157375653.0}
{"data":{"hypothesisId":"A","initial":0,"property":"discardCount","signal":"discardCountChange"},"location":"stat_binder.gd:bind","message":"connected label","sessionId":"fdbc08","timestamp":1780157375663.0}
{"data":{"hypothesisId":"A","initial":7,"property":"coin","signal":"coinChange"},"location":"stat_binder.gd:bind","message":"connected label","sessionId":"fdbc08","timestamp":1780157375671.0}
{"data":{"hypothesisId":"A","initial":1,"property":"ante","signal":"anteChange"},"location":"stat_binder.gd:bind","message":"connected label","sessionId":"fdbc08","timestamp":1780157375679.0}
{"data":{"hypothesisId":"A","initial":8,"property":"maxAnte","signal":"maxAnteChange"},"location":"stat_binder.gd:bind","message":"connected label","sessionId":"fdbc08","timestamp":1780157375689.0}
{"data":{"hypothesisId":"A","initial":2,"property":"turns","signal":"turnsChange"},"location":"stat_binder.gd:bind","message":"connected label","sessionId":"fdbc08","timestamp":1780157375697.0}
{"data":{"hypothesisId":"A","property":"turns","signal":"turnsChange","value":3,"value_type":2},"location":"stat_binder.gd:bind_callback","message":"signal fired","sessionId":"fdbc08","timestamp":1780157377154.0}
{"data":{"hypothesisId":"A","property":"coin","signal":"coinChange","value":12,"value_type":2},"location":"stat_binder.gd:bind_callback","message":"signal fired","sessionId":"fdbc08","timestamp":1780157378222.0}
{"data":{"hypothesisId":"A","property":"ante","signal":"anteChange","value":2,"value_type":2},"location":"stat_binder.gd:bind_callback","message":"signal fired","sessionId":"fdbc08","timestamp":1780157378222.0}
{"data":{"hypothesisId":"A","initial":0,"property":"allScore","signal":"allScoreChange"},"location":"stat_binder.gd:bind","message":"connected label","sessionId":"fdbc08","timestamp":1780157378244.0}
{"data":{"hypothesisId":"A","initial":0,"property":"subScore","signal":"subScoreChange"},"location":"stat_binder.gd:bind","message":"connected label","sessionId":"fdbc08","timestamp":1780157378245.0}
{"data":{"hypothesisId":"A","initial":0,"property":"mag","signal":"magChange"},"location":"stat_binder.gd:bind","message":"connected label","sessionId":"fdbc08","timestamp":1780157378254.0}
{"data":{"hypothesisId":"A","initial":0,"property":"playCount","signal":"playCountChange"},"location":"stat_binder.gd:bind","message":"connected label","sessionId":"fdbc08","timestamp":1780157378263.0}
{"data":{"hypothesisId":"A","initial":0,"property":"discardCount","signal":"discardCountChange"},"location":"stat_binder.gd:bind","message":"connected label","sessionId":"fdbc08","timestamp":1780157378271.0}
{"data":{"hypothesisId":"A","initial":12,"property":"coin","signal":"coinChange"},"location":"stat_binder.gd:bind","message":"connected label","sessionId":"fdbc08","timestamp":1780157378280.0}
{"data":{"hypothesisId":"A","initial":2,"property":"ante","signal":"anteChange"},"location":"stat_binder.gd:bind","message":"connected label","sessionId":"fdbc08","timestamp":1780157378289.0}
{"data":{"hypothesisId":"A","initial":8,"property":"maxAnte","signal":"maxAnteChange"},"location":"stat_binder.gd:bind","message":"connected label","sessionId":"fdbc08","timestamp":1780157378298.0}
{"data":{"hypothesisId":"A","initial":3,"property":"turns","signal":"turnsChange"},"location":"stat_binder.gd:bind","message":"connected label","sessionId":"fdbc08","timestamp":1780157378306.0}
